        -:    0:Source:../../src/RingedFrames.c
        -:    0:Graph:obj/src/RingedFrames.gcno
        -:    0:Data:obj/src/RingedFrames.gcda
        -:    0:Runs:1
        -:    0:Programs:1
        -:    1:﻿/** ------------------------------------------------------------------
        -:    2:*
        -:    3:*	@file	RingedFrames.c
        -:    4:*	@brief	Frame ring buffer
        -:    5:*	@author	H.Someya
        -:    6:*	@date	2021/07/28
        -:    7:*
        -:    8:MIT License
        -:    9:
        -:   10:Copyright (c) 2021 Hirobumi Someya
        -:   11:
        -:   12:Permission is hereby granted, free of charge, to any person obtaining a copy
        -:   13:of this software and associated documentation files (the "Software"), to deal
        -:   14:in the Software without restriction, including without limitation the rights
        -:   15:to use, copy, modify, merge, publish, distribute, sublicense, and/or sell
        -:   16:copies of the Software, and to permit persons to whom the Software is
        -:   17:furnished to do so, subject to the following conditions:
        -:   18:
        -:   19:The above copyright notice and this permission notice shall be included in all
        -:   20:copies or substantial portions of the Software.
        -:   21:
        -:   22:THE SOFTWARE IS PROVIDED "AS IS", WITHOUT WARRANTY OF ANY KIND, EXPRESS OR
        -:   23:IMPLIED, INCLUDING BUT NOT LIMITED TO THE WARRANTIES OF MERCHANTABILITY,
        -:   24:FITNESS FOR A PARTICULAR PURPOSE AND NONINFRINGEMENT. IN NO EVENT SHALL THE
        -:   25:AUTHORS OR COPYRIGHT HOLDERS BE LIABLE FOR ANY CLAIM, DAMAGES OR OTHER
        -:   26:LIABILITY, WHETHER IN AN ACTION OF CONTRACT, TORT OR OTHERWISE, ARISING FROM,
        -:   27:OUT OF OR IN CONNECTION WITH THE SOFTWARE OR THE USE OR OTHER DEALINGS IN THE
        -:   28:SOFTWARE.
        -:   29:*
        -:   30:*/
        -:   31:#include "RingedFrames.h"
        -:   32:#include <string.h>
        -:   33:#include "nullptr.h"
        -:   34:#include "Indices.h"
        -:   35:
        -:   36:/* -------------------------------------------------------------------
        -:   37:*	Privates
        -:   38:*/
        -:   39:
        -:   40:/* -------------------------------------------------------------------
        -:   41:*	Services
        -:   42:*/
        -:   43:
        -:   44:/// <summary>
        -:   45:/// <para>フレームリングバッファを初期化する。</para>
        -:   46:/// </summary>
        -:   47:/// <param name="capacity">最大蓄積可能フレーム数。</param>
        -:   48:/// <param name="frameSize">最大フレームサイズ。</param>
        -:   49:/// <param name="buffer">動作に必要なバッファ。
        -:   50:/// RF_NEEDED_BUFFER_WORDS分の要素数を持つ領域を確保して指定すること。</param>
        -:   51:/// <param name="ctxt">コンテキスト。</param>
        -:   52:/// <returns>なし。</returns>
        5:   53:void RingedFrames_Init(
        -:   54:	int32_t capacity, int32_t frameSize,
        -:   55:	int32_t* buffer,
        -:   56:	RingedFrames* ctxt)
        -:   57:{
        5:   58:	if (ctxt != nullptr)
        -:   59:	{
        4:   60:		memset(ctxt, 0, sizeof(RingedFrames));
        4:   61:		ctxt->Capacity = capacity;
        4:   62:		ctxt->FrameSize = frameSize;
        4:   63:		ctxt->Buffer = buffer;
        -:   64:	}
        5:   65:}
        -:   66:
        -:   67:/// <summary>
        -:   68:/// <para>クリアする。</para>
        -:   69:/// </summary>
        -:   70:/// <param name="ctxt">コンテキスト。</param>
        -:   71:/// <returns>なし。</returns>
        3:   72:void RingedFrames_Clear(
        -:   73:	RingedFrames* ctxt)
        -:   74:{
        3:   75:	if (ctxt != nullptr)
        -:   76:	{
        2:   77:		ctxt->Index = 0;
        2:   78:		ctxt->Count = 0;
        2:   79:		ctxt->UpdateCount = 0;
        -:   80:	}
        3:   81:}
        -:   82:
        -:   83:/// <summary>
        -:   84:/// <para>現在のフレーム蓄積数を取得する。</para>
        -:   85:/// </summary>
        -:   86:/// <param name="ctxt">コンテキスト。</param>
        -:   87:/// <returns>現在のフレーム蓄積数。</returns>
       52:   88:int32_t RingedFrames_Count(
        -:   89:	const RingedFrames* ctxt)
        -:   90:{
       52:   91:	int32_t result = 0;
       52:   92:	if (ctxt != nullptr)
        -:   93:	{
       50:   94:		result = ctxt->Count;
        -:   95:	}
       52:   96:	return result;
        -:   97:}
        -:   98:
        -:   99:/// <summary>
        -:  100:/// <para>現在のフレーム更新数を取得する。</para>
        -:  101:/// <para>フレームリングバッファは最古を上書きするが、蓄積数は最大で停止する。</para>
        -:  102:/// <para>更新数は、最大蓄積数を蓄積した後でも更新される。</para>
        -:  103:/// </summary>
        -:  104:/// <param name="ctxt">コンテキスト。</param>
        -:  105:/// <returns>現在のフレーム更新数。</returns>
       26:  106:int64_t RingedFrames_UpdateCount(
        -:  107:	const RingedFrames* ctxt)
        -:  108:{
       26:  109:	int64_t result = 0;
       26:  110:	if (ctxt != nullptr)
        -:  111:	{
       25:  112:		result = ctxt->UpdateCount;
        -:  113:	}
       26:  114:	return result;
        -:  115:}
        -:  116:
        -:  117:/// <summary>
        -:  118:/// <para>最大蓄積可能フレーム数を取得する。</para>
        -:  119:/// </summary>
        -:  120:/// <param name="ctxt">コンテキスト。</param>
        -:  121:/// <returns>最大蓄積可能フレーム数。</returns>
        7:  122:int32_t RingedFrames_Capacity(
        -:  123:	const RingedFrames* ctxt)
        -:  124:{
        7:  125:	int32_t result = 0;
        7:  126:	if (ctxt != nullptr)
        -:  127:	{
        6:  128:		result = ctxt->Capacity;
        -:  129:	}
        7:  130:	return result;
        -:  131:}
        -:  132:
        -:  133:/// <summary>
        -:  134:/// <para>最大フレームサイズを取得する。</para>
        -:  135:/// </summary>
        -:  136:/// <param name="ctxt">コンテキスト。</param>
        -:  137:/// <returns>最大フレームサイズ。</returns>
        2:  138:int32_t RingedFrames_FrameSize(
        -:  139:	const RingedFrames* ctxt)
        -:  140:{
        2:  141:	int32_t result = 0;
        2:  142:	if (ctxt != nullptr)
        -:  143:	{
        1:  144:		result = ctxt->FrameSize;
        -:  145:	}
        2:  146:	return result;
        -:  147:}
        -:  148:
        -:  149:/// <summary>
        -:  150:/// <para>フレームをPushする。</para>
        -:  151:/// <para>最大蓄積可能フレーム数まで蓄積されていると、最古を上書きする。</para>
        -:  152:/// </summary>
        -:  153:/// <param name="frame">フレーム。</param>
        -:  154:/// <param name="length">フレームの長さ。</param>
        -:  155:/// <param name="timestamp">タイムスタンプ。</param>
        -:  156:/// <param name="ctxt">コンテキスト。</param>
        -:  157:/// <returns>なし。</returns>
       18:  158:void RingedFrames_Push(
        -:  159:	const void* frame, int32_t length,
        -:  160:	int64_t timestamp,
        -:  161:	RingedFrames* ctxt)
        -:  162:{
       18:  163:	if (ctxt != nullptr)
        -:  164:	{
        -:  165:		// 保存先バッファ位置を計算
       17:  166:		int32_t fi = ctxt->Index;
       17:  167:		int32_t bi = RF_STRIDE_WORDS(ctxt->FrameSize) * fi;
       17:  168:		int32_t* bp = &ctxt->Buffer[bi];
        -:  169:
        -:  170:		// ヘッダを記録
       17:  171:		uint8_t* header = (uint8_t*)bp;
       17:  172:		memset(header, 0, RF_FRAME_HEADER_SIZE);
        -:  173:		// 0～7バイト目にタイムスタンプを記録
       17:  174:		int64_t* tsp = (int64_t*)&header[0];
       17:  175:		*tsp = timestamp;
        -:  176:		// 8～11バイト目に長さを記録
       17:  177:		int32_t* lenp = (int32_t*)&header[sizeof(int64_t)];
       17:  178:		*lenp = length;
        -:  179:
        -:  180:		// フレームを記録
       17:  181:		uint8_t* fp = &header[RF_FRAME_HEADER_SIZE];
       17:  182:		if ((frame != nullptr) &&
       14:  183:			(0 < length) && (length <= ctxt->FrameSize))
        -:  184:		{
       13:  185:			memcpy(fp, frame, length);
        -:  186:		}
        -:  187:		else
        -:  188:		{
        -:  189:			// フレームが記録されない場合は長さを0にする
        4:  190:			*lenp = 0;
        -:  191:		}
        -:  192:
        -:  193:		// インデックス、カウンタを更新
       17:  194:		ctxt->Index = NextIndex(ctxt->Index, ctxt->Capacity, 0);
       17:  195:		ctxt->Count = Inc2Max(ctxt->Count, ctxt->Capacity);
       17:  196:		ctxt->UpdateCount += 1;
        -:  197:	}
       18:  198:}
        -:  199:
        -:  200:/// <summary>
        -:  201:/// <para>最古を0としたインデックスで、フレームを参照する。</para>
        -:  202:/// <para>コピーせず、内部メモリを直接参照する。</para>
        -:  203:/// </summary>
        -:  204:/// <param name="index">最古を0としたインデックス。</param>
        -:  205:/// <param name="length">フレーム長の格納先。</param>
        -:  206:/// <param name="timestamp">タイムスタンプの格納先。</param>
        -:  207:/// <param name="ctxt">コンテキスト。</param>
        -:  208:/// <returns>フレーム。nullでなし。</returns>
       45:  209:const void* RingedFrames_ReferWithOld(
        -:  210:	int32_t index,
        -:  211:	int32_t* length,
        -:  212:	int64_t* timestamp,
        -:  213:	const RingedFrames* ctxt)
        -:  214:{
        -:  215:	// 結果を初期化
       45:  216:	const void* frame = nullptr;
       45:  217:	if (length != nullptr)
        -:  218:	{
       37:  219:		*length = 0;
        -:  220:	}
       45:  221:	if (timestamp != nullptr)
        -:  222:	{
       37:  223:		*timestamp = 0LL;
        -:  224:	}
        -:  225:
       45:  226:	if ((ctxt != nullptr) &&
       44:  227:		(ctxt->Count > 0) &&
       32:  228:		((0 <= index) && (index < ctxt->Count)))
        -:  229:	{
        -:  230:		// 保存先バッファ位置を計算
       54:  231:		int32_t fi = RoundIndex(
       27:  232:			ctxt->Index - ctxt->Count + index, ctxt->Capacity, 0);
       27:  233:		int32_t bi = RF_STRIDE_WORDS(ctxt->FrameSize) * fi;
       27:  234:		int32_t* bp = &ctxt->Buffer[bi];
        -:  235:
        -:  236:		// ヘッダを取得
       27:  237:		uint8_t* header = (uint8_t*)bp;
        -:  238:		// 0～7バイト目にタイムスタンプが記録されている
       27:  239:		if (timestamp != nullptr)
        -:  240:		{
       23:  241:			int64_t* tsp = (int64_t*)&header[0];
       23:  242:			*timestamp = *tsp;
        -:  243:		}
        -:  244:		// 8～11バイト目に長さが記録されている
       27:  245:		if (length != nullptr)
        -:  246:		{
       23:  247:			int32_t* lenp = (int32_t*)&header[sizeof(int64_t)];
       23:  248:			*length = *lenp;
        -:  249:		}
        -:  250:
        -:  251:		// フレームを取得
       27:  252:		uint8_t* fp = &header[RF_FRAME_HEADER_SIZE];
       27:  253:		frame = fp;
        -:  254:	}
        -:  255:
       45:  256:	return frame;
        -:  257:}
        -:  258:
        -:  259:/// <summary>
        -:  260:/// <para>最新を0としたインデックスで、フレームを参照する。</para>
        -:  261:/// <para>コピーせず、内部メモリを直接参照する。</para>
        -:  262:/// </summary>
        -:  263:/// <param name="index">最新を0としたインデックス。</param>
        -:  264:/// <param name="length">フレーム長の格納先。</param>
        -:  265:/// <param name="timestamp">タイムスタンプの格納先。</param>
        -:  266:/// <param name="ctxt">コンテキスト。</param>
        -:  267:/// <returns>フレーム。nullでなし。</returns>
       19:  268:const void* RingedFrames_ReferWithNew(
        -:  269:	int32_t index,
        -:  270:	int32_t* length,
        -:  271:	int64_t* timestamp,
        -:  272:	const RingedFrames* ctxt)
        -:  273:{
       38:  274:	return RingedFrames_ReferWithOld(
       19:  275:		RingedFrames_Count(ctxt) - 1 - index,
        -:  276:		length, timestamp,
        -:  277:		ctxt);
        -:  278:}
        -:  279:
        -:  280:/// <summary>
        -:  281:/// <para>最古のフレームをPopする。</para>
        -:  282:/// <para>フレームが無い場合は負を返す。</para>
        -:  283:/// <para>格納先が足りない場合は、格納できる分だけ返す。</para>
        -:  284:/// </summary>
        -:  285:/// <param name="buffer">フレームの格納先バッファ。</param>
        -:  286:/// <param name="bufferSize">フレーム格納先バッファのサイズ。</param>
        -:  287:/// <param name="timestamp">タイムスタンプの格納先。</param>
        -:  288:/// <param name="ctxt">コンテキスト。</param>
        -:  289:/// <returns>フレーム長。</returns>
        6:  290:int32_t RingedFrames_Pop(
        -:  291:	void* buffer, int32_t bufferSize,
        -:  292:	int64_t* timestamp,
        -:  293:	RingedFrames* ctxt)
        -:  294:{
        -:  295:	// 結果を初期化
        6:  296:	int32_t length = -1;
        6:  297:	if (timestamp != nullptr)
        -:  298:	{
        5:  299:		*timestamp = 0LL;
        -:  300:	}
        -:  301:
        -:  302:	// 最古のフレームを取得
        -:  303:	int32_t len;
        -:  304:	int64_t ts;
        6:  305:	const void* frame = RingedFrames_ReferWithOld(0, &len, &ts, ctxt);
        6:  306:	if (frame != nullptr)
        -:  307:	{
        -:  308:		// データ長を補正して報告
        5:  309:		length = len;
        5:  310:		if (length > bufferSize)
        -:  311:		{
        2:  312:			length = bufferSize;
        -:  313:		}
        -:  314:
        -:  315:		// フレームを報告
        5:  316:		if ((buffer != nullptr) &&
        -:  317:			(length > 0))
        -:  318:		{
        3:  319:			memcpy(buffer, frame, length);
        -:  320:		}
        -:  321:
        -:  322:		// タイムスタンプを報告
        5:  323:		if (timestamp != nullptr)
        -:  324:		{
        4:  325:			*timestamp = ts;
        -:  326:		}
        -:  327:
        -:  328:		// 最古を削除
        5:  329:		ctxt->Count = Dec2Min(ctxt->Count, 0);
        -:  330:	}
        -:  331:
        6:  332:	return length;
        -:  333:}
        -:  334:
        -:  335:/* -------------------------------------------------------------------
        -:  336:*	Unit Test
        -:  337:*/
        -:  338:#ifdef _UNIT_TEST
        -:  339:#include <assert.h>
        1:  340:void RingedFrames_UnitTest(void)
        -:  341:{
        -:  342:	// -----------------------------------------
        -:  343:	// 1-1
        -:  344:	RingedFrames ring;
        -:  345:	int32_t buffer[1 + RF_NEEDED_BUFFER_WORDS(3, 8) + 1];
        -:  346:	uint8_t frame[8];
        -:  347:	int32_t length;
        -:  348:	int64_t timestamp;
        -:  349:	const uint8_t* referer;
        -:  350:	uint8_t dataBuffer[8];
        -:  351:	int64_t updateCount;
        -:  352:
        -:  353:	// -----------------------------------------
        -:  354:	// 1-1 Init
        1:  355:	memset(buffer, -1, sizeof buffer);
        1:  356:	RingedFrames_Init(3, 8, &buffer[1], &ring);
       1*:  357:	assert(RingedFrames_Count(&ring) == 0);
       1*:  358:	assert(RingedFrames_UpdateCount(&ring) == 0);
        -:  359:	// -----------------------------------------
        -:  360:	// 1-2 Init(self==nullptr)
        1:  361:	RingedFrames_Init(5, 8, &buffer[1], nullptr);
       1*:  362:	assert(RingedFrames_Capacity(&ring) == 3);
        -:  363:
        -:  364:	// -----------------------------------------
        -:  365:	// 2-1 Capacity(self==nullptr)
       1*:  366:	assert(RingedFrames_Capacity(nullptr) == 0);
        -:  367:	// -----------------------------------------
        -:  368:	// 2-2 Capacity
       1*:  369:	assert(RingedFrames_Capacity(&ring) == 3);
        -:  370:
        -:  371:	// -----------------------------------------
        -:  372:	// 3-1 FrameSize(self==nullptr)
       1*:  373:	assert(RingedFrames_FrameSize(nullptr) == 0);
        -:  374:	// -----------------------------------------
        -:  375:	// 3-2 FrameSize
       1*:  376:	assert(RingedFrames_FrameSize(&ring) == 8);
        -:  377:
        -:  378:	// -----------------------------------------
        -:  379:	// 4-1 Count(self==nullptr)
       1*:  380:	assert(RingedFrames_Count(nullptr) == 0);
        -:  381:	// -----------------------------------------
        -:  382:	// 4-2 Count
        1:  383:	memset(frame, 0, sizeof frame);
        1:  384:	frame[0] = 4;
        1:  385:	frame[7] = 2;
       1*:  386:	assert(RingedFrames_Count(&ring) == 0);
        1:  387:	RingedFrames_Push(frame, 8, 42LL, &ring);
       1*:  388:	assert(RingedFrames_Count(&ring) == 1);
        -:  389:
        -:  390:	// -----------------------------------------
        -:  391:	// 5-1 UpdateCount(self==nullptr)
       1*:  392:	assert(RingedFrames_UpdateCount(nullptr) == 0);
        -:  393:	// -----------------------------------------
        -:  394:	// 5-2 UpdateCount
        1:  395:	memset(frame, 0, sizeof frame);
        1:  396:	frame[0] = 5;
        1:  397:	frame[7] = 2;
        1:  398:	updateCount = RingedFrames_UpdateCount(&ring);
        1:  399:	RingedFrames_Push(frame, 8, 52LL, &ring);
       1*:  400:	assert(RingedFrames_UpdateCount(&ring) != updateCount);
        -:  401:
        -:  402:	// -----------------------------------------
        -:  403:	// 6-1 Clear(self==nullptr)
        1:  404:	RingedFrames_Clear(nullptr);
       1*:  405:	assert(RingedFrames_Count(&ring) == 2);
       1*:  406:	assert(RingedFrames_UpdateCount(&ring) != 0);
        -:  407:	// -----------------------------------------
        -:  408:	// 6-2 Clear
        1:  409:	RingedFrames_Clear(&ring);
       1*:  410:	assert(RingedFrames_Count(&ring) == 0);
       1*:  411:	assert(RingedFrames_UpdateCount(&ring) == 0);
        -:  412:
        -:  413:	// -----------------------------------------
        -:  414:	// 7-xx Push, Refer, Pop
        1:  415:	memset(buffer, -1, sizeof buffer);
        1:  416:	RingedFrames_Init(3, 8, &buffer[1], &ring);
        -:  417:
        -:  418:	// -----------------------------------------
        -:  419:	// 7-01 Empty
        1:  420:	RingedFrames_Clear(&ring);
        -:  421:
        -:  422:	// Check
       1*:  423:	assert(RingedFrames_Count(&ring) == 0);
        1:  424:	referer = RingedFrames_ReferWithOld(0, &length, &timestamp, &ring);
       1*:  425:	assert(referer == nullptr);
       1*:  426:	assert(length == 0);
       1*:  427:	assert(timestamp == 0LL);
        1:  428:	referer = RingedFrames_ReferWithNew(0, &length, &timestamp, &ring);
       1*:  429:	assert(referer == nullptr);
       1*:  430:	assert(length == 0);
       1*:  431:	assert(timestamp == 0LL);
        1:  432:	length = RingedFrames_Pop(dataBuffer, sizeof dataBuffer, &timestamp, &ring);
       1*:  433:	assert(length < 0);
       1*:  434:	assert(timestamp == 0LL);
        -:  435:
        -:  436:	// -----------------------------------------
        -:  437:	// 7-02 Push(self==nullptr)
        1:  438:	memset(frame, 0, sizeof frame);
        1:  439:	frame[0] = 7;
        1:  440:	frame[7] = 2;
        1:  441:	RingedFrames_Push(frame, 8, 72LL, nullptr);
        -:  442:
        -:  443:	// Check
       1*:  444:	assert(RingedFrames_Count(&ring) == 0);
        1:  445:	referer = RingedFrames_ReferWithOld(0, &length, &timestamp, &ring);
       1*:  446:	assert(referer == nullptr);
       1*:  447:	assert(length == 0);
       1*:  448:	assert(timestamp == 0LL);
        1:  449:	referer = RingedFrames_ReferWithNew(0, &length, &timestamp, &ring);
       1*:  450:	assert(referer == nullptr);
       1*:  451:	assert(length == 0);
       1*:  452:	assert(timestamp == 0LL);
        -:  453:
        -:  454:	// -----------------------------------------
        -:  455:	// 7-03 Push 1st frame
        1:  456:	updateCount = RingedFrames_UpdateCount(&ring);
        1:  457:	memset(frame, 0, sizeof frame);
        1:  458:	frame[0] = 7;
        1:  459:	frame[7] = 3;
        1:  460:	RingedFrames_Push(frame, 8, 73LL, &ring);
        -:  461:
        -:  462:	// Check
       1*:  463:	assert(RingedFrames_Count(&ring) == 1);
       1*:  464:	assert(RingedFrames_UpdateCount(&ring) != updateCount);
        -:  465:	// Index -1 is not valid
        1:  466:	referer = RingedFrames_ReferWithOld(-1, &length, &timestamp, &ring);
       1*:  467:	assert(referer == nullptr);
       1*:  468:	assert(length == 0);
       1*:  469:	assert(timestamp == 0LL);
        -:  470:	// Index 0 is valid
        1:  471:	referer = RingedFrames_ReferWithOld(0, &length, &timestamp, &ring);
       1*:  472:	assert(referer[0] == 7);
       1*:  473:	assert(referer[7] == 3);
       1*:  474:	assert(length == 8);
       1*:  475:	assert(timestamp == 73LL);
        -:  476:	// Index 1 is not valid
        1:  477:	referer = RingedFrames_ReferWithOld(1, &length, &timestamp, &ring);
       1*:  478:	assert(referer == nullptr);
       1*:  479:	assert(length == 0);
       1*:  480:	assert(timestamp == 0LL);
        -:  481:	// Index -1 is not valid
        1:  482:	referer = RingedFrames_ReferWithNew(-1, &length, &timestamp, &ring);
       1*:  483:	assert(referer == nullptr);
       1*:  484:	assert(length == 0);
       1*:  485:	assert(timestamp == 0LL);
        -:  486:	// Index 0 is valid
        1:  487:	referer = RingedFrames_ReferWithNew(0, &length, &timestamp, &ring);
       1*:  488:	assert(referer[0] == 7);
       1*:  489:	assert(referer[7] == 3);
       1*:  490:	assert(length == 8);
       1*:  491:	assert(timestamp == 73LL);
        -:  492:	// Index 1 is not valid
        1:  493:	referer = RingedFrames_ReferWithNew(1, &length, &timestamp, &ring);
       1*:  494:	assert(referer == nullptr);
       1*:  495:	assert(length == 0);
       1*:  496:	assert(timestamp == 0LL);
        -:  497:
        -:  498:	// -----------------------------------------
        -:  499:	// 7-04 Push 2nd frame
        1:  500:	updateCount = RingedFrames_UpdateCount(&ring);
        1:  501:	memset(frame, 0, sizeof frame);
        1:  502:	frame[0] = 7;
        1:  503:	frame[6] = 4;
        1:  504:	RingedFrames_Push(frame, 7, 74LL, &ring);
        -:  505:
        -:  506:	// Check
       1*:  507:	assert(RingedFrames_Count(&ring) == 2);
       1*:  508:	assert(RingedFrames_UpdateCount(&ring) != updateCount);
        -:  509:	// Index 0 is valid
        1:  510:	referer = RingedFrames_ReferWithOld(0, &length, &timestamp, &ring);
       1*:  511:	assert(referer[0] == 7);
       1*:  512:	assert(referer[7] == 3);
       1*:  513:	assert(length == 8);
       1*:  514:	assert(timestamp == 73LL);
        -:  515:	// Index 1 is valid
        1:  516:	referer = RingedFrames_ReferWithOld(1, &length, &timestamp, &ring);
       1*:  517:	assert(referer[0] == 7);
       1*:  518:	assert(referer[6] == 4);
       1*:  519:	assert(length == 7);
       1*:  520:	assert(timestamp == 74LL);
        -:  521:	// Index 2 is not valid
        1:  522:	referer = RingedFrames_ReferWithOld(2, &length, &timestamp, &ring);
       1*:  523:	assert(referer == nullptr);
       1*:  524:	assert(length == 0);
       1*:  525:	assert(timestamp == 0LL);
        -:  526:	// Index 0 is valid
        1:  527:	referer = RingedFrames_ReferWithNew(0, &length, &timestamp, &ring);
       1*:  528:	assert(referer[0] == 7);
       1*:  529:	assert(referer[6] == 4);
       1*:  530:	assert(length == 7);
       1*:  531:	assert(timestamp == 74LL);
        -:  532:	// Index 1 is valid
        1:  533:	referer = RingedFrames_ReferWithNew(1, &length, &timestamp, &ring);
       1*:  534:	assert(referer[0] == 7);
       1*:  535:	assert(referer[7] == 3);
       1*:  536:	assert(length == 8);
       1*:  537:	assert(timestamp == 73LL);
        -:  538:	// Index 2 is not valid
        1:  539:	referer = RingedFrames_ReferWithNew(2, &length, &timestamp, &ring);
       1*:  540:	assert(referer == nullptr);
       1*:  541:	assert(length == 0);
       1*:  542:	assert(timestamp == 0LL);
        -:  543:
        -:  544:	// -----------------------------------------
        -:  545:	// 7-05 Push 3rd frame
        1:  546:	updateCount = RingedFrames_UpdateCount(&ring);
        1:  547:	memset(frame, 0, sizeof frame);
        1:  548:	frame[0] = 7;
        1:  549:	frame[7] = 5;
        1:  550:	RingedFrames_Push(frame, 8, 75LL, &ring);
        -:  551:
        -:  552:	// Check
       1*:  553:	assert(RingedFrames_Count(&ring) == 3);
       1*:  554:	assert(RingedFrames_UpdateCount(&ring) != updateCount);
        -:  555:	// Index 0 is valid
        1:  556:	referer = RingedFrames_ReferWithOld(0, &length, &timestamp, &ring);
       1*:  557:	assert(referer[0] == 7);
       1*:  558:	assert(referer[7] == 3);
       1*:  559:	assert(length == 8);
       1*:  560:	assert(timestamp == 73LL);
        -:  561:	// Index 2 is valid
        1:  562:	referer = RingedFrames_ReferWithOld(2, &length, &timestamp, &ring);
       1*:  563:	assert(referer[0] == 7);
       1*:  564:	assert(referer[7] == 5);
       1*:  565:	assert(length == 8);
       1*:  566:	assert(timestamp == 75LL);
        -:  567:	// Index 3 is not valid
        1:  568:	referer = RingedFrames_ReferWithOld(3, &length, &timestamp, &ring);
       1*:  569:	assert(referer == nullptr);
       1*:  570:	assert(length == 0);
       1*:  571:	assert(timestamp == 0LL);
        -:  572:	// Index 0 is valid
        1:  573:	referer = RingedFrames_ReferWithNew(0, &length, &timestamp, &ring);
       1*:  574:	assert(referer[0] == 7);
       1*:  575:	assert(referer[7] == 5);
       1*:  576:	assert(length == 8);
       1*:  577:	assert(timestamp == 75LL);
        -:  578:	// Index 2 is valid
        1:  579:	referer = RingedFrames_ReferWithNew(2, &length, &timestamp, &ring);
       1*:  580:	assert(referer[0] == 7);
       1*:  581:	assert(referer[7] == 3);
       1*:  582:	assert(length == 8);
       1*:  583:	assert(timestamp == 73LL);
        -:  584:	// Index 3 is not valid
        1:  585:	referer = RingedFrames_ReferWithNew(3, &length, &timestamp, &ring);
       1*:  586:	assert(referer == nullptr);
       1*:  587:	assert(length == 0);
       1*:  588:	assert(timestamp == 0LL);
        -:  589:
        -:  590:	// -----------------------------------------
        -:  591:	// 7-06 Push 4th frame, lost 1st frame
        1:  592:	updateCount = RingedFrames_UpdateCount(&ring);
        1:  593:	memset(frame, 0, sizeof frame);
        1:  594:	frame[0] = 7;
        1:  595:	frame[6] = 6;
        1:  596:	RingedFrames_Push(frame, 7, 76LL, &ring);
        -:  597:
        -:  598:	// Check
       1*:  599:	assert(RingedFrames_Count(&ring) == 3);
       1*:  600:	assert(RingedFrames_UpdateCount(&ring) != updateCount);
        -:  601:	// Index 0 is valid, but moved
        1:  602:	referer = RingedFrames_ReferWithOld(0, &length, &timestamp, &ring);
       1*:  603:	assert(referer[0] == 7);
       1*:  604:	assert(referer[6] == 4);
       1*:  605:	assert(length == 7);
       1*:  606:	assert(timestamp == 74LL);
        -:  607:	// Index 2 is valid, but moved
        1:  608:	referer = RingedFrames_ReferWithOld(2, &length, &timestamp, &ring);
       1*:  609:	assert(referer[0] == 7);
       1*:  610:	assert(referer[6] == 6);
       1*:  611:	assert(length == 7);
       1*:  612:	assert(timestamp == 76LL);
        -:  613:	// Index 0 is valid
        1:  614:	referer = RingedFrames_ReferWithNew(0, &length, &timestamp, &ring);
       1*:  615:	assert(referer[0] == 7);
       1*:  616:	assert(referer[6] == 6);
       1*:  617:	assert(length == 7);
       1*:  618:	assert(timestamp == 76LL);
        -:  619:	// Index 2 is valid
        1:  620:	referer = RingedFrames_ReferWithNew(2, &length, &timestamp, &ring);
       1*:  621:	assert(referer[0] == 7);
       1*:  622:	assert(referer[6] == 4);
       1*:  623:	assert(length == 7);
       1*:  624:	assert(timestamp == 74LL);
        -:  625:
        -:  626:	// Do not destroy memories
       1*:  627:	assert(buffer[0] == -1);
       1*:  628:	assert(buffer[((sizeof buffer) / sizeof buffer[0]) - 1] == -1);
        -:  629:
        -:  630:	// -----------------------------------------
        -:  631:	// 7-07 Pop
        1:  632:	length = RingedFrames_Pop(dataBuffer, sizeof dataBuffer, &timestamp, &ring);
       1*:  633:	assert(dataBuffer[0] == 7);
       1*:  634:	assert(dataBuffer[6] == 4);
       1*:  635:	assert(length == 7);
       1*:  636:	assert(timestamp == 74LL);
        -:  637:
       1*:  638:	assert(RingedFrames_Count(&ring) == 2);
        -:  639:
        -:  640:	// -----------------------------------------
        -:  641:	// 7-08 Refer length only
        1:  642:	referer = RingedFrames_ReferWithNew(0, &length, nullptr, &ring);
       1*:  643:	assert(referer[0] == 7);
       1*:  644:	assert(referer[6] == 6);
       1*:  645:	assert(length == 7);
        -:  646:
        -:  647:	// -----------------------------------------
        -:  648:	// 7-09 Refer timestamp only
        1:  649:	referer = RingedFrames_ReferWithNew(0, nullptr, &timestamp, &ring);
       1*:  650:	assert(referer[0] == 7);
       1*:  651:	assert(referer[6] == 6);
       1*:  652:	assert(timestamp == 76LL);
        -:  653:
        -:  654:	// -----------------------------------------
        -:  655:	// 7-10 Push zero length frame
        1:  656:	updateCount = RingedFrames_UpdateCount(&ring);
        1:  657:	RingedFrames_Push(nullptr, 0, 710LL, &ring);
        -:  658:
        -:  659:	// Check
       1*:  660:	assert(RingedFrames_Count(&ring) == 3);
       1*:  661:	assert(RingedFrames_UpdateCount(&ring) != updateCount);
        -:  662:	// Index 0 is valid, but length is zero
        1:  663:	referer = RingedFrames_ReferWithNew(0, &length, &timestamp, &ring);
       1*:  664:	assert(referer != nullptr);
       1*:  665:	assert(length == 0);
       1*:  666:	assert(timestamp == 710LL);
        -:  667:
        -:  668:	// -----------------------------------------
        -:  669:	// 7-11 Push oversized frame
        1:  670:	updateCount = RingedFrames_UpdateCount(&ring);
        1:  671:	RingedFrames_Push(frame, 9, 711LL, &ring);
        -:  672:
        -:  673:	// Check
       1*:  674:	assert(RingedFrames_Count(&ring) == 3);
       1*:  675:	assert(RingedFrames_UpdateCount(&ring) != updateCount);
        -:  676:	// Index 0 is valid, but length is zero
        1:  677:	referer = RingedFrames_ReferWithNew(0, &length, &timestamp, &ring);
       1*:  678:	assert(referer != nullptr);
       1*:  679:	assert(length == 0);
       1*:  680:	assert(timestamp == 711LL);
        -:  681:
        -:  682:	// -----------------------------------------
        -:  683:	// 7-12 Push null frame
        1:  684:	updateCount = RingedFrames_UpdateCount(&ring);
        1:  685:	RingedFrames_Push(nullptr, 0, 712LL, &ring);
        -:  686:
        -:  687:	// Check
       1*:  688:	assert(RingedFrames_Count(&ring) == 3);
       1*:  689:	assert(RingedFrames_UpdateCount(&ring) != updateCount);
        -:  690:	// Index 0 is valid, but length is zero
        1:  691:	referer = RingedFrames_ReferWithNew(0, &length, &timestamp, &ring);
       1*:  692:	assert(referer != nullptr);
       1*:  693:	assert(length == 0);
       1*:  694:	assert(timestamp == 712LL);
        -:  695:
        -:  696:	// -----------------------------------------
        -:  697:	// 7-13 Refer(self==nullptr)
        1:  698:	updateCount = RingedFrames_UpdateCount(&ring);
        1:  699:	memset(frame, 0, sizeof frame);
        1:  700:	frame[0] = 7;
        1:  701:	frame[6] = 13;
        1:  702:	RingedFrames_Push(frame, 7, 713LL, &ring);
        -:  703:
        -:  704:	// Check
       1*:  705:	assert(RingedFrames_Count(&ring) == 3);
       1*:  706:	assert(RingedFrames_UpdateCount(&ring) != updateCount);
        1:  707:	referer = RingedFrames_ReferWithNew(0, &length, &timestamp, nullptr);
       1*:  708:	assert(referer == nullptr);
       1*:  709:	assert(length == 0);
       1*:  710:	assert(timestamp == 0LL);
        -:  711:
        -:  712:	// -----------------------------------------
        -:  713:	// 7-14 Pop but not enough buffer
        1:  714:	updateCount = RingedFrames_UpdateCount(&ring);
        1:  715:	memset(frame, 0, sizeof frame);
        1:  716:	frame[0] = 7;
        1:  717:	frame[5] = 1;
        1:  718:	frame[6] = 141;
        1:  719:	RingedFrames_Push(frame, 7, 7141LL, &ring);
        1:  720:	memset(frame, 0, sizeof frame);
        1:  721:	frame[0] = 7;
        1:  722:	frame[7] = 142;
        1:  723:	RingedFrames_Push(frame, 8, 7142LL, &ring);
        1:  724:	memset(frame, 0, sizeof frame);
        1:  725:	frame[0] = 7;
        1:  726:	frame[5] = 143;
        1:  727:	RingedFrames_Push(frame, 6, 7143LL, &ring);
        -:  728:
        1:  729:	length = RingedFrames_Pop(dataBuffer, 6, &timestamp, &ring);
        -:  730:
        -:  731:	// Check
       1*:  732:	assert(RingedFrames_Count(&ring) == 2);
       1*:  733:	assert(RingedFrames_UpdateCount(&ring) != updateCount);
       1*:  734:	assert(length == 6);
       1*:  735:	assert(timestamp == 7141LL);
       1*:  736:	assert(dataBuffer[0] == 7);
       1*:  737:	assert(dataBuffer[5] == 1);
        -:  738:
        -:  739:	// -----------------------------------------
        -:  740:	// 7-14 Pop only timestamp
        1:  741:	length = RingedFrames_Pop(nullptr, 0, &timestamp, &ring);
        -:  742:
        -:  743:	// Check
       1*:  744:	assert(RingedFrames_Count(&ring) == 1);
       1*:  745:	assert(length == 0);
       1*:  746:	assert(timestamp == 7142LL);
        -:  747:
        -:  748:	// -----------------------------------------
        -:  749:	// 7-15 Pop without timestamp
        1:  750:	length = RingedFrames_Pop(dataBuffer, sizeof dataBuffer, nullptr, &ring);
        -:  751:
        -:  752:	// Check
       1*:  753:	assert(RingedFrames_Count(&ring) == 0);
       1*:  754:	assert(length == 6);
       1*:  755:	assert(dataBuffer[0] == 7);
       1*:  756:	assert(dataBuffer[5] == 143);
        -:  757:
        -:  758:	// -----------------------------------------
        -:  759:	// 7-16 Pop zero length frame
        1:  760:	updateCount = RingedFrames_UpdateCount(&ring);
        1:  761:	RingedFrames_Push(nullptr, 0, 716LL, &ring);
        -:  762:
        1:  763:	length = RingedFrames_Pop(dataBuffer, sizeof dataBuffer, &timestamp, &ring);
        -:  764:
        -:  765:	// Check
       1*:  766:	assert(RingedFrames_Count(&ring) == 0);
       1*:  767:	assert(RingedFrames_UpdateCount(&ring) != updateCount);
       1*:  768:	assert(length == 0);
       1*:  769:	assert(timestamp == 716LL);
        1:  770:}
        -:  771:#endif
