        -:    0:Source:../../src/RingedFrames.c
        -:    0:Graph:obj/src/RingedFrames.gcno
        -:    0:Data:obj/src/RingedFrames.gcda
        -:    0:Runs:5
        -:    0:Programs:5
        -:    1:﻿/** ------------------------------------------------------------------
        -:    2:*
        -:    3:*	@file	RingedFrames.c
        -:    4:*	@brief	フレームリングバッファ
        -:    5:*	@author	H.Someya
        -:    6:*	@date	2021/07/28
        -:    7:*
        -:    8:MIT License
        -:    9:
        -:   10:Copyright (c) 2021 Hirobumi Someya
        -:   11:
        -:   12:Permission is hereby granted, free of charge, to any person obtaining a copy
        -:   13:of this software and associated documentation files (the "Software"), to deal
        -:   14:in the Software without restriction, including without limitation the rights
        -:   15:to use, copy, modify, merge, publish, distribute, sublicense, and/or sell
        -:   16:copies of the Software, and to permit persons to whom the Software is
        -:   17:furnished to do so, subject to the following conditions:
        -:   18:
        -:   19:The above copyright notice and this permission notice shall be included in all
        -:   20:copies or substantial portions of the Software.
        -:   21:
        -:   22:THE SOFTWARE IS PROVIDED "AS IS", WITHOUT WARRANTY OF ANY KIND, EXPRESS OR
        -:   23:IMPLIED, INCLUDING BUT NOT LIMITED TO THE WARRANTIES OF MERCHANTABILITY,
        -:   24:FITNESS FOR A PARTICULAR PURPOSE AND NONINFRINGEMENT. IN NO EVENT SHALL THE
        -:   25:AUTHORS OR COPYRIGHT HOLDERS BE LIABLE FOR ANY CLAIM, DAMAGES OR OTHER
        -:   26:LIABILITY, WHETHER IN AN ACTION OF CONTRACT, TORT OR OTHERWISE, ARISING FROM,
        -:   27:OUT OF OR IN CONNECTION WITH THE SOFTWARE OR THE USE OR OTHER DEALINGS IN THE
        -:   28:SOFTWARE.
        -:   29:*
        -:   30:*/
        -:   31:#include "RingedFrames.h"
        -:   32:#include <string.h>
        -:   33:#include "nullptr.h"
        -:   34:#include "bitop.h"
        -:   35:#include "Indices.h"
        -:   36:
        -:   37:/* -------------------------------------------------------------------
        -:   38:*	Privates
        -:   39:*/
        -:   40:
        -:   41:/* -------------------------------------------------------------------
        -:   42:*	Services
        -:   43:*/
        -:   44:
        -:   45:/// <summary>
        -:   46:/// <para>フレームリングバッファを初期化する。</para>
        -:   47:/// </summary>
        -:   48:/// <param name="capacity">最大蓄積可能フレーム数。</param>
        -:   49:/// <param name="frameSize">最大フレームサイズ。</param>
        -:   50:/// <param name="buffer">動作に必要なバッファ。
        -:   51:/// RF_NEEDED_BUFFER_WORDS分の要素数を持つ領域を確保して指定すること。</param>
        -:   52:/// <param name="ctxt">コンテキスト。</param>
        -:   53:/// <returns>なし。</returns>
       25:   54:void RingedFrames_Init(
        -:   55:	int32_t capacity, int32_t frameSize,
        -:   56:	int32_t* buffer,
        -:   57:	RingedFrames* ctxt)
        -:   58:{
       25:   59:	if (ctxt != nullptr)
        -:   60:	{
       20:   61:		memset(ctxt, 0, sizeof(RingedFrames));
       20:   62:		ctxt->Capacity = capacity;
       20:   63:		ctxt->FrameSize = frameSize;
       20:   64:		ctxt->Buffer = buffer;
        -:   65:	}
       25:   66:}
        -:   67:
        -:   68:/// <summary>
        -:   69:/// <para>クリアする。</para>
        -:   70:/// </summary>
        -:   71:/// <param name="ctxt">コンテキスト。</param>
        -:   72:/// <returns>なし。</returns>
       15:   73:void RingedFrames_Clear(
        -:   74:	RingedFrames* ctxt)
        -:   75:{
       15:   76:	if (ctxt != nullptr)
        -:   77:	{
       10:   78:		ctxt->Index = 0;
       10:   79:		ctxt->Count = 0;
       10:   80:		ctxt->UpdateCount = 0;
        -:   81:	}
       15:   82:}
        -:   83:
        -:   84:/// <summary>
        -:   85:/// <para>現在のフレーム蓄積数を取得する。</para>
        -:   86:/// </summary>
        -:   87:/// <param name="ctxt">コンテキスト。</param>
        -:   88:/// <returns>現在のフレーム蓄積数。</returns>
      260:   89:int32_t RingedFrames_Count(
        -:   90:	const RingedFrames* ctxt)
        -:   91:{
      260:   92:	int32_t result = 0;
      260:   93:	if (ctxt != nullptr)
        -:   94:	{
      250:   95:		result = ctxt->Count;
        -:   96:	}
      260:   97:	return result;
        -:   98:}
        -:   99:
        -:  100:/// <summary>
        -:  101:/// <para>現在のフレーム更新数を取得する。</para>
        -:  102:/// <para>フレームリングバッファは最古を上書きするが、蓄積数は最大で停止する。</para>
        -:  103:/// <para>更新数は、最大蓄積数を蓄積した後でも更新される。</para>
        -:  104:/// </summary>
        -:  105:/// <param name="ctxt">コンテキスト。</param>
        -:  106:/// <returns>現在のフレーム更新数。</returns>
      130:  107:int64_t RingedFrames_UpdateCount(
        -:  108:	const RingedFrames* ctxt)
        -:  109:{
      130:  110:	int64_t result = 0;
      130:  111:	if (ctxt != nullptr)
        -:  112:	{
      125:  113:		result = ctxt->UpdateCount;
        -:  114:	}
      130:  115:	return result;
        -:  116:}
        -:  117:
        -:  118:/// <summary>
        -:  119:/// <para>最大蓄積可能フレーム数を取得する。</para>
        -:  120:/// </summary>
        -:  121:/// <param name="ctxt">コンテキスト。</param>
        -:  122:/// <returns>最大蓄積可能フレーム数。</returns>
       35:  123:int32_t RingedFrames_Capacity(
        -:  124:	const RingedFrames* ctxt)
        -:  125:{
       35:  126:	int32_t result = 0;
       35:  127:	if (ctxt != nullptr)
        -:  128:	{
       30:  129:		result = ctxt->Capacity;
        -:  130:	}
       35:  131:	return result;
        -:  132:}
        -:  133:
        -:  134:/// <summary>
        -:  135:/// <para>最大フレームサイズを取得する。</para>
        -:  136:/// </summary>
        -:  137:/// <param name="ctxt">コンテキスト。</param>
        -:  138:/// <returns>最大フレームサイズ。</returns>
       10:  139:int32_t RingedFrames_FrameSize(
        -:  140:	const RingedFrames* ctxt)
        -:  141:{
       10:  142:	int32_t result = 0;
       10:  143:	if (ctxt != nullptr)
        -:  144:	{
        5:  145:		result = ctxt->FrameSize;
        -:  146:	}
       10:  147:	return result;
        -:  148:}
        -:  149:
        -:  150:/// <summary>
        -:  151:/// <para>フレームをPushする。</para>
        -:  152:/// <para>最大蓄積可能フレーム数まで蓄積されていると、最古を上書きする。</para>
        -:  153:/// </summary>
        -:  154:/// <param name="frame">フレーム。</param>
        -:  155:/// <param name="length">フレームの長さ。</param>
        -:  156:/// <param name="timestamp">タイムスタンプ。</param>
        -:  157:/// <param name="ctxt">コンテキスト。</param>
        -:  158:/// <returns>なし。</returns>
       90:  159:void RingedFrames_Push(
        -:  160:	const void* frame, int32_t length,
        -:  161:	int64_t timestamp,
        -:  162:	RingedFrames* ctxt)
        -:  163:{
       90:  164:	if (ctxt != nullptr)
        -:  165:	{
        -:  166:		// 保存先バッファ位置を計算
       85:  167:		int32_t fi = ctxt->Index;
       85:  168:		int32_t bi = RF_STRIDE_WORDS(ctxt->FrameSize) * fi;
       85:  169:		int32_t* bp = &ctxt->Buffer[bi];
        -:  170:
        -:  171:		// ヘッダを記録
       85:  172:		uint8_t* header = (uint8_t*)bp;
        -:  173:		// 0～7バイト目にタイムスタンプを記録
       85:  174:		int64_t* tsp = (int64_t*)&header[0];
       85:  175:		*tsp = timestamp;
        -:  176:		// 8～9バイト目に長さを記録
       85:  177:		int16_t* lenp = (int16_t*)&header[sizeof(int64_t)];
       85:  178:		*lenp = length;
        -:  179:
        -:  180:		// フレームを記録
       85:  181:		uint8_t* fp = &header[RF_FRAME_HEADER_SIZE];
       85:  182:		if ((frame != nullptr) &&
       70:  183:			(0 < length) && (length <= ctxt->FrameSize))
        -:  184:		{
       65:  185:			memcpy(fp, frame, length);
        -:  186:		}
        -:  187:		else
        -:  188:		{
        -:  189:			// フレームが記録されない場合は長さを0にする
       20:  190:			*lenp = 0;
        -:  191:		}
        -:  192:
        -:  193:		// インデックス、カウンタを更新
       85:  194:		ctxt->Index = NextIndex(ctxt->Index, ctxt->Capacity, 0);
       85:  195:		ctxt->Count = Inc2Max(ctxt->Count, ctxt->Capacity);
       85:  196:		ctxt->UpdateCount += 1;
        -:  197:	}
       90:  198:}
        -:  199:
        -:  200:/// <summary>
        -:  201:/// <para>最古を0としたインデックスで、フレームを参照する。</para>
        -:  202:/// <para>コピーせず、内部メモリを直接参照する。</para>
        -:  203:/// </summary>
        -:  204:/// <param name="index">最古を0としたインデックス。</param>
        -:  205:/// <param name="length">フレーム長の格納先。</param>
        -:  206:/// <param name="timestamp">タイムスタンプの格納先。</param>
        -:  207:/// <param name="ctxt">コンテキスト。</param>
        -:  208:/// <returns>フレーム。nullでなし。</returns>
      225:  209:const void* RingedFrames_ReferWithOld(
        -:  210:	int32_t index,
        -:  211:	int32_t* length,
        -:  212:	int64_t* timestamp,
        -:  213:	const RingedFrames* ctxt)
        -:  214:{
        -:  215:	// 結果を初期化
      225:  216:	const void* frame = nullptr;
      225:  217:	if (length != nullptr)
        -:  218:	{
      185:  219:		*length = 0;
        -:  220:	}
      225:  221:	if (timestamp != nullptr)
        -:  222:	{
      185:  223:		*timestamp = 0LL;
        -:  224:	}
        -:  225:
      225:  226:	if ((ctxt != nullptr) &&
      220:  227:		(ctxt->Count > 0) &&
      160:  228:		((0 <= index) && (index < ctxt->Count)))
        -:  229:	{
        -:  230:		// 保存先バッファ位置を計算
      270:  231:		int32_t fi = RoundIndex(
      135:  232:			ctxt->Index - ctxt->Count + index, ctxt->Capacity, 0);
      135:  233:		int32_t bi = RF_STRIDE_WORDS(ctxt->FrameSize) * fi;
      135:  234:		int32_t* bp = &ctxt->Buffer[bi];
        -:  235:
        -:  236:		// ヘッダを取得
      135:  237:		uint8_t* header = (uint8_t*)bp;
        -:  238:		// 0～7バイト目にタイムスタンプが記録されている
      135:  239:		if (timestamp != nullptr)
        -:  240:		{
      115:  241:			int64_t* tsp = (int64_t*)&header[0];
      115:  242:			*timestamp = *tsp;
        -:  243:		}
        -:  244:		// 8～9バイト目に長さが記録されている
      135:  245:		if (length != nullptr)
        -:  246:		{
      115:  247:			int16_t* lenp = (int16_t*)&header[sizeof(int64_t)];
      115:  248:			*length = *lenp;
        -:  249:		}
        -:  250:
        -:  251:		// フレームを取得
      135:  252:		uint8_t* fp = &header[RF_FRAME_HEADER_SIZE];
      135:  253:		frame = fp;
        -:  254:	}
        -:  255:
      225:  256:	return frame;
        -:  257:}
        -:  258:
        -:  259:/// <summary>
        -:  260:/// <para>最新を0としたインデックスで、フレームを参照する。</para>
        -:  261:/// <para>コピーせず、内部メモリを直接参照する。</para>
        -:  262:/// </summary>
        -:  263:/// <param name="index">最新を0としたインデックス。</param>
        -:  264:/// <param name="length">フレーム長の格納先。</param>
        -:  265:/// <param name="timestamp">タイムスタンプの格納先。</param>
        -:  266:/// <param name="ctxt">コンテキスト。</param>
        -:  267:/// <returns>フレーム。nullでなし。</returns>
       95:  268:const void* RingedFrames_ReferWithNew(
        -:  269:	int32_t index,
        -:  270:	int32_t* length,
        -:  271:	int64_t* timestamp,
        -:  272:	const RingedFrames* ctxt)
        -:  273:{
      190:  274:	return RingedFrames_ReferWithOld(
       95:  275:		RingedFrames_Count(ctxt) - 1 - index,
        -:  276:		length, timestamp,
        -:  277:		ctxt);
        -:  278:}
        -:  279:
        -:  280:/// <summary>
        -:  281:/// <para>最古のフレームをPopする。</para>
        -:  282:/// <para>フレームが無い場合は負を返す。</para>
        -:  283:/// <para>格納先が足りない場合は、格納できる分だけ返す。</para>
        -:  284:/// </summary>
        -:  285:/// <param name="buffer">フレームの格納先バッファ。</param>
        -:  286:/// <param name="bufferSize">フレーム格納先バッファのサイズ。</param>
        -:  287:/// <param name="timestamp">タイムスタンプの格納先。</param>
        -:  288:/// <param name="ctxt">コンテキスト。</param>
        -:  289:/// <returns>フレーム長。</returns>
       30:  290:int32_t RingedFrames_Pop(
        -:  291:	void* buffer, int32_t bufferSize,
        -:  292:	int64_t* timestamp,
        -:  293:	RingedFrames* ctxt)
        -:  294:{
        -:  295:	// 結果を初期化
       30:  296:	int32_t length = -1;
       30:  297:	if (timestamp != nullptr)
        -:  298:	{
       25:  299:		*timestamp = 0LL;
        -:  300:	}
        -:  301:
        -:  302:	// 最古のフレームを取得
        -:  303:	int32_t len;
        -:  304:	int64_t ts;
       30:  305:	const void* frame = RingedFrames_ReferWithOld(0, &len, &ts, ctxt);
       30:  306:	if (frame != nullptr)
        -:  307:	{
        -:  308:		// データ長を補正して報告
       25:  309:		length = len;
       25:  310:		if (length > bufferSize)
        -:  311:		{
       10:  312:			length = bufferSize;
        -:  313:		}
        -:  314:
        -:  315:		// フレームを報告
       25:  316:		if ((buffer != nullptr) &&
        -:  317:			(length > 0))
        -:  318:		{
       15:  319:			memcpy(buffer, frame, length);
        -:  320:		}
        -:  321:
        -:  322:		// タイムスタンプを報告
       25:  323:		if (timestamp != nullptr)
        -:  324:		{
       20:  325:			*timestamp = ts;
        -:  326:		}
        -:  327:
        -:  328:		// 最古を削除
       25:  329:		ctxt->Count = Dec2Min(ctxt->Count, 0);
        -:  330:	}
        -:  331:
       30:  332:	return length;
        -:  333:}
        -:  334:
        -:  335:/* -------------------------------------------------------------------
        -:  336:*	Unit Test
        -:  337:*/
        -:  338:#ifdef _UNIT_TEST
        -:  339:#include <assert.h>
        5:  340:void RingedFrames_UnitTest(void)
        -:  341:{
        -:  342:	// -----------------------------------------
        -:  343:	// 1-1
        -:  344:	RingedFrames ring;
        -:  345:	int32_t buffer[1 + RF_NEEDED_BUFFER_WORDS(3, 8) + 1];
        -:  346:	uint8_t frame[8];
        -:  347:	int32_t length;
        -:  348:	int64_t timestamp;
        -:  349:	const uint8_t* referer;
        -:  350:	uint8_t dataBuffer[8];
        -:  351:	int64_t updateCount;
        -:  352:
        -:  353:	// -----------------------------------------
        -:  354:	// 1-1 Init
        5:  355:	memset(buffer, -1, sizeof buffer);
        5:  356:	RingedFrames_Init(3, 8, &buffer[1], &ring);
       5*:  357:	assert(RingedFrames_Count(&ring) == 0);
       5*:  358:	assert(RingedFrames_UpdateCount(&ring) == 0);
        -:  359:	// -----------------------------------------
        -:  360:	// 1-2 Init(self==nullptr)
        5:  361:	RingedFrames_Init(5, 8, &buffer[1], nullptr);
       5*:  362:	assert(RingedFrames_Capacity(&ring) == 3);
        -:  363:
        -:  364:	// -----------------------------------------
        -:  365:	// 2-1 Capacity(self==nullptr)
       5*:  366:	assert(RingedFrames_Capacity(nullptr) == 0);
        -:  367:	// -----------------------------------------
        -:  368:	// 2-2 Capacity
       5*:  369:	assert(RingedFrames_Capacity(&ring) == 3);
        -:  370:
        -:  371:	// -----------------------------------------
        -:  372:	// 3-1 FrameSize(self==nullptr)
       5*:  373:	assert(RingedFrames_FrameSize(nullptr) == 0);
        -:  374:	// -----------------------------------------
        -:  375:	// 3-2 FrameSize
       5*:  376:	assert(RingedFrames_FrameSize(&ring) == 8);
        -:  377:
        -:  378:	// -----------------------------------------
        -:  379:	// 4-1 Count(self==nullptr)
       5*:  380:	assert(RingedFrames_Count(nullptr) == 0);
        -:  381:	// -----------------------------------------
        -:  382:	// 4-2 Count
        5:  383:	memset(frame, 0, sizeof frame);
        5:  384:	frame[0] = 4;
        5:  385:	frame[7] = 2;
       5*:  386:	assert(RingedFrames_Count(&ring) == 0);
        5:  387:	RingedFrames_Push(frame, 8, 42LL, &ring);
       5*:  388:	assert(RingedFrames_Count(&ring) == 1);
        -:  389:
        -:  390:	// -----------------------------------------
        -:  391:	// 5-1 UpdateCount(self==nullptr)
       5*:  392:	assert(RingedFrames_UpdateCount(nullptr) == 0);
        -:  393:	// -----------------------------------------
        -:  394:	// 5-2 UpdateCount
        5:  395:	memset(frame, 0, sizeof frame);
        5:  396:	frame[0] = 5;
        5:  397:	frame[7] = 2;
        5:  398:	updateCount = RingedFrames_UpdateCount(&ring);
        5:  399:	RingedFrames_Push(frame, 8, 52LL, &ring);
       5*:  400:	assert(RingedFrames_UpdateCount(&ring) != updateCount);
        -:  401:
        -:  402:	// -----------------------------------------
        -:  403:	// 6-1 Clear(self==nullptr)
        5:  404:	RingedFrames_Clear(nullptr);
       5*:  405:	assert(RingedFrames_Count(&ring) == 2);
       5*:  406:	assert(RingedFrames_UpdateCount(&ring) != 0);
        -:  407:	// -----------------------------------------
        -:  408:	// 6-2 Clear
        5:  409:	RingedFrames_Clear(&ring);
       5*:  410:	assert(RingedFrames_Count(&ring) == 0);
       5*:  411:	assert(RingedFrames_UpdateCount(&ring) == 0);
        -:  412:
        -:  413:	// -----------------------------------------
        -:  414:	// 7-xx Push, Refer, Pop
        5:  415:	memset(buffer, -1, sizeof buffer);
        5:  416:	RingedFrames_Init(3, 8, &buffer[1], &ring);
        -:  417:
        -:  418:	// -----------------------------------------
        -:  419:	// 7-01 Empty
        5:  420:	RingedFrames_Clear(&ring);
        -:  421:
        -:  422:	// Check
       5*:  423:	assert(RingedFrames_Count(&ring) == 0);
        5:  424:	referer = RingedFrames_ReferWithOld(0, &length, &timestamp, &ring);
       5*:  425:	assert(referer == nullptr);
       5*:  426:	assert(length == 0);
       5*:  427:	assert(timestamp == 0LL);
        5:  428:	referer = RingedFrames_ReferWithNew(0, &length, &timestamp, &ring);
       5*:  429:	assert(referer == nullptr);
       5*:  430:	assert(length == 0);
       5*:  431:	assert(timestamp == 0LL);
        5:  432:	length = RingedFrames_Pop(dataBuffer, sizeof dataBuffer, &timestamp, &ring);
       5*:  433:	assert(length < 0);
       5*:  434:	assert(timestamp == 0LL);
        -:  435:
        -:  436:	// -----------------------------------------
        -:  437:	// 7-02 Push(self==nullptr)
        5:  438:	memset(frame, 0, sizeof frame);
        5:  439:	frame[0] = 7;
        5:  440:	frame[7] = 2;
        5:  441:	RingedFrames_Push(frame, 8, 72LL, nullptr);
        -:  442:
        -:  443:	// Check
       5*:  444:	assert(RingedFrames_Count(&ring) == 0);
        5:  445:	referer = RingedFrames_ReferWithOld(0, &length, &timestamp, &ring);
       5*:  446:	assert(referer == nullptr);
       5*:  447:	assert(length == 0);
       5*:  448:	assert(timestamp == 0LL);
        5:  449:	referer = RingedFrames_ReferWithNew(0, &length, &timestamp, &ring);
       5*:  450:	assert(referer == nullptr);
       5*:  451:	assert(length == 0);
       5*:  452:	assert(timestamp == 0LL);
        -:  453:
        -:  454:	// -----------------------------------------
        -:  455:	// 7-03 Push 1st frame
        5:  456:	updateCount = RingedFrames_UpdateCount(&ring);
        5:  457:	memset(frame, 0, sizeof frame);
        5:  458:	frame[0] = 7;
        5:  459:	frame[7] = 3;
        5:  460:	RingedFrames_Push(frame, 8, 73LL, &ring);
        -:  461:
        -:  462:	// Check
       5*:  463:	assert(RingedFrames_Count(&ring) == 1);
       5*:  464:	assert(RingedFrames_UpdateCount(&ring) != updateCount);
        -:  465:	// Index -1 is not valid
        5:  466:	referer = RingedFrames_ReferWithOld(-1, &length, &timestamp, &ring);
       5*:  467:	assert(referer == nullptr);
       5*:  468:	assert(length == 0);
       5*:  469:	assert(timestamp == 0LL);
        -:  470:	// Index 0 is valid
        5:  471:	referer = RingedFrames_ReferWithOld(0, &length, &timestamp, &ring);
       5*:  472:	assert(referer[0] == 7);
       5*:  473:	assert(referer[7] == 3);
       5*:  474:	assert(length == 8);
       5*:  475:	assert(timestamp == 73LL);
        -:  476:	// Index 1 is not valid
        5:  477:	referer = RingedFrames_ReferWithOld(1, &length, &timestamp, &ring);
       5*:  478:	assert(referer == nullptr);
       5*:  479:	assert(length == 0);
       5*:  480:	assert(timestamp == 0LL);
        -:  481:	// Index -1 is not valid
        5:  482:	referer = RingedFrames_ReferWithNew(-1, &length, &timestamp, &ring);
       5*:  483:	assert(referer == nullptr);
       5*:  484:	assert(length == 0);
       5*:  485:	assert(timestamp == 0LL);
        -:  486:	// Index 0 is valid
        5:  487:	referer = RingedFrames_ReferWithNew(0, &length, &timestamp, &ring);
       5*:  488:	assert(referer[0] == 7);
       5*:  489:	assert(referer[7] == 3);
       5*:  490:	assert(length == 8);
       5*:  491:	assert(timestamp == 73LL);
        -:  492:	// Index 1 is not valid
        5:  493:	referer = RingedFrames_ReferWithNew(1, &length, &timestamp, &ring);
       5*:  494:	assert(referer == nullptr);
       5*:  495:	assert(length == 0);
       5*:  496:	assert(timestamp == 0LL);
        -:  497:
        -:  498:	// -----------------------------------------
        -:  499:	// 7-04 Push 2nd frame
        5:  500:	updateCount = RingedFrames_UpdateCount(&ring);
        5:  501:	memset(frame, 0, sizeof frame);
        5:  502:	frame[0] = 7;
        5:  503:	frame[6] = 4;
        5:  504:	RingedFrames_Push(frame, 7, 74LL, &ring);
        -:  505:
        -:  506:	// Check
       5*:  507:	assert(RingedFrames_Count(&ring) == 2);
       5*:  508:	assert(RingedFrames_UpdateCount(&ring) != updateCount);
        -:  509:	// Index 0 is valid
        5:  510:	referer = RingedFrames_ReferWithOld(0, &length, &timestamp, &ring);
       5*:  511:	assert(referer[0] == 7);
       5*:  512:	assert(referer[7] == 3);
       5*:  513:	assert(length == 8);
       5*:  514:	assert(timestamp == 73LL);
        -:  515:	// Index 1 is valid
        5:  516:	referer = RingedFrames_ReferWithOld(1, &length, &timestamp, &ring);
       5*:  517:	assert(referer[0] == 7);
       5*:  518:	assert(referer[6] == 4);
       5*:  519:	assert(length == 7);
       5*:  520:	assert(timestamp == 74LL);
        -:  521:	// Index 2 is not valid
        5:  522:	referer = RingedFrames_ReferWithOld(2, &length, &timestamp, &ring);
       5*:  523:	assert(referer == nullptr);
       5*:  524:	assert(length == 0);
       5*:  525:	assert(timestamp == 0LL);
        -:  526:	// Index 0 is valid
        5:  527:	referer = RingedFrames_ReferWithNew(0, &length, &timestamp, &ring);
       5*:  528:	assert(referer[0] == 7);
       5*:  529:	assert(referer[6] == 4);
       5*:  530:	assert(length == 7);
       5*:  531:	assert(timestamp == 74LL);
        -:  532:	// Index 1 is valid
        5:  533:	referer = RingedFrames_ReferWithNew(1, &length, &timestamp, &ring);
       5*:  534:	assert(referer[0] == 7);
       5*:  535:	assert(referer[7] == 3);
       5*:  536:	assert(length == 8);
       5*:  537:	assert(timestamp == 73LL);
        -:  538:	// Index 2 is not valid
        5:  539:	referer = RingedFrames_ReferWithNew(2, &length, &timestamp, &ring);
       5*:  540:	assert(referer == nullptr);
       5*:  541:	assert(length == 0);
       5*:  542:	assert(timestamp == 0LL);
        -:  543:
        -:  544:	// -----------------------------------------
        -:  545:	// 7-05 Push 3rd frame
        5:  546:	updateCount = RingedFrames_UpdateCount(&ring);
        5:  547:	memset(frame, 0, sizeof frame);
        5:  548:	frame[0] = 7;
        5:  549:	frame[7] = 5;
        5:  550:	RingedFrames_Push(frame, 8, 75LL, &ring);
        -:  551:
        -:  552:	// Check
       5*:  553:	assert(RingedFrames_Count(&ring) == 3);
       5*:  554:	assert(RingedFrames_UpdateCount(&ring) != updateCount);
        -:  555:	// Index 0 is valid
        5:  556:	referer = RingedFrames_ReferWithOld(0, &length, &timestamp, &ring);
       5*:  557:	assert(referer[0] == 7);
       5*:  558:	assert(referer[7] == 3);
       5*:  559:	assert(length == 8);
       5*:  560:	assert(timestamp == 73LL);
        -:  561:	// Index 2 is valid
        5:  562:	referer = RingedFrames_ReferWithOld(2, &length, &timestamp, &ring);
       5*:  563:	assert(referer[0] == 7);
       5*:  564:	assert(referer[7] == 5);
       5*:  565:	assert(length == 8);
       5*:  566:	assert(timestamp == 75LL);
        -:  567:	// Index 3 is not valid
        5:  568:	referer = RingedFrames_ReferWithOld(3, &length, &timestamp, &ring);
       5*:  569:	assert(referer == nullptr);
       5*:  570:	assert(length == 0);
       5*:  571:	assert(timestamp == 0LL);
        -:  572:	// Index 0 is valid
        5:  573:	referer = RingedFrames_ReferWithNew(0, &length, &timestamp, &ring);
       5*:  574:	assert(referer[0] == 7);
       5*:  575:	assert(referer[7] == 5);
       5*:  576:	assert(length == 8);
       5*:  577:	assert(timestamp == 75LL);
        -:  578:	// Index 2 is valid
        5:  579:	referer = RingedFrames_ReferWithNew(2, &length, &timestamp, &ring);
       5*:  580:	assert(referer[0] == 7);
       5*:  581:	assert(referer[7] == 3);
       5*:  582:	assert(length == 8);
       5*:  583:	assert(timestamp == 73LL);
        -:  584:	// Index 3 is not valid
        5:  585:	referer = RingedFrames_ReferWithNew(3, &length, &timestamp, &ring);
       5*:  586:	assert(referer == nullptr);
       5*:  587:	assert(length == 0);
       5*:  588:	assert(timestamp == 0LL);
        -:  589:
        -:  590:	// -----------------------------------------
        -:  591:	// 7-06 Push 4th frame, lost 1st frame
        5:  592:	updateCount = RingedFrames_UpdateCount(&ring);
        5:  593:	memset(frame, 0, sizeof frame);
        5:  594:	frame[0] = 7;
        5:  595:	frame[6] = 6;
        5:  596:	RingedFrames_Push(frame, 7, 76LL, &ring);
        -:  597:
        -:  598:	// Check
       5*:  599:	assert(RingedFrames_Count(&ring) == 3);
       5*:  600:	assert(RingedFrames_UpdateCount(&ring) != updateCount);
        -:  601:	// Index 0 is valid, but moved
        5:  602:	referer = RingedFrames_ReferWithOld(0, &length, &timestamp, &ring);
       5*:  603:	assert(referer[0] == 7);
       5*:  604:	assert(referer[6] == 4);
       5*:  605:	assert(length == 7);
       5*:  606:	assert(timestamp == 74LL);
        -:  607:	// Index 2 is valid, but moved
        5:  608:	referer = RingedFrames_ReferWithOld(2, &length, &timestamp, &ring);
       5*:  609:	assert(referer[0] == 7);
       5*:  610:	assert(referer[6] == 6);
       5*:  611:	assert(length == 7);
       5*:  612:	assert(timestamp == 76LL);
        -:  613:	// Index 0 is valid
        5:  614:	referer = RingedFrames_ReferWithNew(0, &length, &timestamp, &ring);
       5*:  615:	assert(referer[0] == 7);
       5*:  616:	assert(referer[6] == 6);
       5*:  617:	assert(length == 7);
       5*:  618:	assert(timestamp == 76LL);
        -:  619:	// Index 2 is valid
        5:  620:	referer = RingedFrames_ReferWithNew(2, &length, &timestamp, &ring);
       5*:  621:	assert(referer[0] == 7);
       5*:  622:	assert(referer[6] == 4);
       5*:  623:	assert(length == 7);
       5*:  624:	assert(timestamp == 74LL);
        -:  625:
        -:  626:	// Do not destroy memories
       5*:  627:	assert(buffer[0] == -1);
       5*:  628:	assert(buffer[((sizeof buffer) / sizeof buffer[0]) - 1] == -1);
        -:  629:
        -:  630:	// -----------------------------------------
        -:  631:	// 7-07 Pop
        5:  632:	length = RingedFrames_Pop(dataBuffer, sizeof dataBuffer, &timestamp, &ring);
       5*:  633:	assert(dataBuffer[0] == 7);
       5*:  634:	assert(dataBuffer[6] == 4);
       5*:  635:	assert(length == 7);
       5*:  636:	assert(timestamp == 74LL);
        -:  637:
       5*:  638:	assert(RingedFrames_Count(&ring) == 2);
        -:  639:
        -:  640:	// -----------------------------------------
        -:  641:	// 7-08 Refer length only
        5:  642:	referer = RingedFrames_ReferWithNew(0, &length, nullptr, &ring);
       5*:  643:	assert(referer[0] == 7);
       5*:  644:	assert(referer[6] == 6);
       5*:  645:	assert(length == 7);
        -:  646:
        -:  647:	// -----------------------------------------
        -:  648:	// 7-09 Refer timestamp only
        5:  649:	referer = RingedFrames_ReferWithNew(0, nullptr, &timestamp, &ring);
       5*:  650:	assert(referer[0] == 7);
       5*:  651:	assert(referer[6] == 6);
       5*:  652:	assert(timestamp == 76LL);
        -:  653:
        -:  654:	// -----------------------------------------
        -:  655:	// 7-10 Push zero length frame
        5:  656:	updateCount = RingedFrames_UpdateCount(&ring);
        5:  657:	RingedFrames_Push(nullptr, 0, 710LL, &ring);
        -:  658:
        -:  659:	// Check
       5*:  660:	assert(RingedFrames_Count(&ring) == 3);
       5*:  661:	assert(RingedFrames_UpdateCount(&ring) != updateCount);
        -:  662:	// Index 0 is valid, but length is zero
        5:  663:	referer = RingedFrames_ReferWithNew(0, &length, &timestamp, &ring);
       5*:  664:	assert(referer != nullptr);
       5*:  665:	assert(length == 0);
       5*:  666:	assert(timestamp == 710LL);
        -:  667:
        -:  668:	// -----------------------------------------
        -:  669:	// 7-11 Push oversized frame
        5:  670:	updateCount = RingedFrames_UpdateCount(&ring);
        5:  671:	RingedFrames_Push(frame, 9, 711LL, &ring);
        -:  672:
        -:  673:	// Check
       5*:  674:	assert(RingedFrames_Count(&ring) == 3);
       5*:  675:	assert(RingedFrames_UpdateCount(&ring) != updateCount);
        -:  676:	// Index 0 is valid, but length is zero
        5:  677:	referer = RingedFrames_ReferWithNew(0, &length, &timestamp, &ring);
       5*:  678:	assert(referer != nullptr);
       5*:  679:	assert(length == 0);
       5*:  680:	assert(timestamp == 711LL);
        -:  681:
        -:  682:	// -----------------------------------------
        -:  683:	// 7-12 Push null frame
        5:  684:	updateCount = RingedFrames_UpdateCount(&ring);
        5:  685:	RingedFrames_Push(nullptr, 0, 712LL, &ring);
        -:  686:
        -:  687:	// Check
       5*:  688:	assert(RingedFrames_Count(&ring) == 3);
       5*:  689:	assert(RingedFrames_UpdateCount(&ring) != updateCount);
        -:  690:	// Index 0 is valid, but length is zero
        5:  691:	referer = RingedFrames_ReferWithNew(0, &length, &timestamp, &ring);
       5*:  692:	assert(referer != nullptr);
       5*:  693:	assert(length == 0);
       5*:  694:	assert(timestamp == 712LL);
        -:  695:
        -:  696:	// -----------------------------------------
        -:  697:	// 7-13 Refer(self==nullptr)
        5:  698:	updateCount = RingedFrames_UpdateCount(&ring);
        5:  699:	memset(frame, 0, sizeof frame);
        5:  700:	frame[0] = 7;
        5:  701:	frame[6] = 13;
        5:  702:	RingedFrames_Push(frame, 7, 713LL, &ring);
        -:  703:
        -:  704:	// Check
       5*:  705:	assert(RingedFrames_Count(&ring) == 3);
       5*:  706:	assert(RingedFrames_UpdateCount(&ring) != updateCount);
        5:  707:	referer = RingedFrames_ReferWithNew(0, &length, &timestamp, nullptr);
       5*:  708:	assert(referer == nullptr);
       5*:  709:	assert(length == 0);
       5*:  710:	assert(timestamp == 0LL);
        -:  711:
        -:  712:	// -----------------------------------------
        -:  713:	// 7-14 Pop but not enough buffer
        5:  714:	updateCount = RingedFrames_UpdateCount(&ring);
        5:  715:	memset(frame, 0, sizeof frame);
        5:  716:	frame[0] = 7;
        5:  717:	frame[5] = 1;
        5:  718:	frame[6] = 141;
        5:  719:	RingedFrames_Push(frame, 7, 7141LL, &ring);
        5:  720:	memset(frame, 0, sizeof frame);
        5:  721:	frame[0] = 7;
        5:  722:	frame[7] = 142;
        5:  723:	RingedFrames_Push(frame, 8, 7142LL, &ring);
        5:  724:	memset(frame, 0, sizeof frame);
        5:  725:	frame[0] = 7;
        5:  726:	frame[5] = 143;
        5:  727:	RingedFrames_Push(frame, 6, 7143LL, &ring);
        -:  728:
        5:  729:	length = RingedFrames_Pop(dataBuffer, 6, &timestamp, &ring);
        -:  730:
        -:  731:	// Check
       5*:  732:	assert(RingedFrames_Count(&ring) == 2);
       5*:  733:	assert(RingedFrames_UpdateCount(&ring) != updateCount);
       5*:  734:	assert(length == 6);
       5*:  735:	assert(timestamp == 7141LL);
       5*:  736:	assert(dataBuffer[0] == 7);
       5*:  737:	assert(dataBuffer[5] == 1);
        -:  738:
        -:  739:	// -----------------------------------------
        -:  740:	// 7-14 Pop only timestamp
        5:  741:	length = RingedFrames_Pop(nullptr, 0, &timestamp, &ring);
        -:  742:
        -:  743:	// Check
       5*:  744:	assert(RingedFrames_Count(&ring) == 1);
       5*:  745:	assert(length == 0);
       5*:  746:	assert(timestamp == 7142LL);
        -:  747:
        -:  748:	// -----------------------------------------
        -:  749:	// 7-15 Pop without timestamp
        5:  750:	length = RingedFrames_Pop(dataBuffer, sizeof dataBuffer, nullptr, &ring);
        -:  751:
        -:  752:	// Check
       5*:  753:	assert(RingedFrames_Count(&ring) == 0);
       5*:  754:	assert(length == 6);
       5*:  755:	assert(dataBuffer[0] == 7);
       5*:  756:	assert(dataBuffer[5] == 143);
        -:  757:
        -:  758:	// -----------------------------------------
        -:  759:	// 7-16 Pop zero length frame
        5:  760:	updateCount = RingedFrames_UpdateCount(&ring);
        5:  761:	RingedFrames_Push(nullptr, 0, 716LL, &ring);
        -:  762:
        5:  763:	length = RingedFrames_Pop(dataBuffer, sizeof dataBuffer, &timestamp, &ring);
        -:  764:
        -:  765:	// Check
       5*:  766:	assert(RingedFrames_Count(&ring) == 0);
       5*:  767:	assert(RingedFrames_UpdateCount(&ring) != updateCount);
       5*:  768:	assert(length == 0);
       5*:  769:	assert(timestamp == 716LL);
        5:  770:}
        -:  771:#endif
